2019-12-08 00:18:16,090 ERROR e.FlowerErrorHandler [main] 31 : 34 - cvc-enumeration-valid: Value 'sod podzolic' is not facet-valid with respect to enumeration '[podzolic, ground]'. It must be a value from the enumeration.
2019-12-08 00:18:16,102 ERROR e.FlowerErrorHandler [main] 31 : 34 - cvc-type.3.1.3: The value 'sod podzolic' of element 'soil' is not valid.
2019-12-08 00:18:16,103 ERROR e.FlowerErrorHandler [main] 41 : 70 - cvc-enumeration-valid: Value 'rose de rescht' is not facet-valid with respect to enumeration '[rescht, fransis, banky]'. It must be a value from the enumeration.
2019-12-08 00:18:16,103 ERROR e.FlowerErrorHandler [main] 41 : 70 - cvc-attribute.3: The value 'rose de rescht' of attribute 'garden-rose-sort' on element 'garden-rose' is not valid with respect to its type, '#AnonType_garden-rose-sortGarden-Rose'.
2019-12-08 00:18:16,104 ERROR e.FlowerErrorHandler [main] 55 : 34 - cvc-enumeration-valid: Value 'sod podzolic' is not facet-valid with respect to enumeration '[podzolic, ground]'. It must be a value from the enumeration.
2019-12-08 00:18:16,105 ERROR e.FlowerErrorHandler [main] 55 : 34 - cvc-type.3.1.3: The value 'sod podzolic' of element 'soil' is not valid.
2019-12-08 00:18:16,105 ERROR e.FlowerErrorHandler [main] 65 : 73 - cvc-enumeration-valid: Value 'large flowered' is not facet-valid with respect to enumeration '[large, cluster, hybrid]'. It must be a value from the enumeration.
2019-12-08 00:18:16,106 ERROR e.FlowerErrorHandler [main] 65 : 73 - cvc-attribute.3: The value 'large flowered' of attribute 'hybrid-rose-subSort' on element 'hybrid-rose' is not valid with respect to its type, '#AnonType_hybrid-rose-subSortHybrid-Rose'.
2019-12-08 00:18:16,107 ERROR e.FlowerErrorHandler [main] 88 : 66 - cvc-enumeration-valid: Value 'foliolosa rose' is not facet-valid with respect to enumeration '[rugosa, bracteata, foliolosa, woolsii]'. It must be a value from the enumeration.
2019-12-08 00:18:16,107 ERROR e.FlowerErrorHandler [main] 88 : 66 - cvc-attribute.3: The value 'foliolosa rose' of attribute 'wild-rose-sort' on element 'wild-rose' is not valid with respect to its type, '#AnonType_wild-rose-sortWild-Rose'.
2019-12-08 00:18:16,107 ERROR e.FlowerErrorHandler [main] 90 : 34 - cvc-enumeration-valid: Value 'sod podzolic' is not facet-valid with respect to enumeration '[podzolic, ground]'. It must be a value from the enumeration.
2019-12-08 00:18:16,108 ERROR e.FlowerErrorHandler [main] 90 : 34 - cvc-type.3.1.3: The value 'sod podzolic' of element 'soil' is not valid.
2019-12-08 00:26:00,541 ERROR e.FlowerErrorHandler [main] 41 : 70 - cvc-enumeration-valid: Value 'rose de rescht' is not facet-valid with respect to enumeration '[rescht, fransis, banky]'. It must be a value from the enumeration.
2019-12-08 00:26:00,544 ERROR e.FlowerErrorHandler [main] 41 : 70 - cvc-attribute.3: The value 'rose de rescht' of attribute 'garden_rose_sort' on element 'garden_rose' is not valid with respect to its type, '#AnonType_garden_rose_sortGarden_Rose'.
2019-12-08 00:27:43,094 ERROR e.FlowerErrorHandler [main] 41 : 70 - cvc-enumeration-valid: Value 'rose de rescht' is not facet-valid with respect to enumeration '[rescht, fransis, banky]'. It must be a value from the enumeration.
2019-12-08 00:27:43,097 ERROR e.FlowerErrorHandler [main] 41 : 70 - cvc-attribute.3: The value 'rose de rescht' of attribute 'garden_rose_sort' on element 'garden_rose' is not valid with respect to its type, '#AnonType_garden_rose_sortGarden_Rose'.
2019-12-08 00:32:40,752 ERROR e.FlowerErrorHandler [main] 20 : 23 - cvc-complex-type.2.4.a: Invalid content was found starting with element '{"http://www.epam.com/flowers":growing-tips}'. One of '{"http://www.epam.com/flowers":growing_tips}' is expected.
2019-12-08 00:32:40,754 ERROR e.FlowerErrorHandler [main] 31 : 23 - cvc-complex-type.2.4.a: Invalid content was found starting with element '{"http://www.epam.com/flowers":growing-tips}'. One of '{"http://www.epam.com/flowers":growing_tips}' is expected.
2019-12-08 00:32:40,755 ERROR e.FlowerErrorHandler [main] 43 : 23 - cvc-complex-type.2.4.a: Invalid content was found starting with element '{"http://www.epam.com/flowers":growing-tips}'. One of '{"http://www.epam.com/flowers":growing_tips}' is expected.
2019-12-08 00:32:40,755 ERROR e.FlowerErrorHandler [main] 55 : 23 - cvc-complex-type.2.4.a: Invalid content was found starting with element '{"http://www.epam.com/flowers":growing-tips}'. One of '{"http://www.epam.com/flowers":growing_tips}' is expected.
2019-12-08 00:32:40,756 ERROR e.FlowerErrorHandler [main] 67 : 23 - cvc-complex-type.2.4.a: Invalid content was found starting with element '{"http://www.epam.com/flowers":growing-tips}'. One of '{"http://www.epam.com/flowers":growing_tips}' is expected.
2019-12-08 00:32:40,765 ERROR e.FlowerErrorHandler [main] 79 : 23 - cvc-complex-type.2.4.a: Invalid content was found starting with element '{"http://www.epam.com/flowers":growing-tips}'. One of '{"http://www.epam.com/flowers":growing_tips}' is expected.
2019-12-08 00:32:40,766 ERROR e.FlowerErrorHandler [main] 90 : 23 - cvc-complex-type.2.4.a: Invalid content was found starting with element '{"http://www.epam.com/flowers":growing-tips}'. One of '{"http://www.epam.com/flowers":growing_tips}' is expected.
2019-12-08 03:27:03,159 ERROR e.FlowerErrorHandler [main] 28 : 62 - cvc-complex-type.2.4.a: Invalid content was found starting with element '{"http://www.epam.com/flowers":garden_rose}'. One of '{"http://www.epam.com/flowers":flower}' is expected.
2019-12-08 03:27:40,262 ERROR e.FlowerErrorHandler [main] 28 : 62 - cvc-complex-type.2.4.a: Invalid content was found starting with element '{"http://www.epam.com/flowers":garden_rose}'. One of '{"http://www.epam.com/flowers":flower}' is expected.
2019-12-08 03:28:56,800 ERROR e.FlowerErrorHandler [main] 28 : 62 - cvc-complex-type.2.4.a: Invalid content was found starting with element '{"http://www.epam.com/flowers":garden_rose}'. One of '{"http://www.epam.com/flowers":flower}' is expected.
2019-12-08 03:31:43,442 ERROR e.FlowerErrorHandler [main] 27 : 36 - cvc-complex-type.2.4.a: Invalid content was found starting with element '{"http://www.epam.com/flowers":garden_rose}'. One of '{"http://www.epam.com/flowers":flower}' is expected.
2019-12-08 03:33:06,044 ERROR e.FlowerErrorHandler [main] 27 : 36 - cvc-complex-type.2.4.a: Invalid content was found starting with element '{"http://www.epam.com/flowers":garden_rose}'. One of '{"http://www.epam.com/flowers":flower}' is expected.
2019-12-08 03:34:31,787 ERROR e.FlowerErrorHandler [main] 27 : 36 - cvc-complex-type.2.4.a: Invalid content was found starting with element '{"http://www.epam.com/flowers":garden_rose}'. One of '{"http://www.epam.com/flowers":flower}' is expected.
2019-12-08 03:37:48,521 ERROR e.FlowerErrorHandler [main] 27 : 36 - cvc-complex-type.2.4.a: Invalid content was found starting with element '{"http://www.epam.com/flowers":garden_rose}'. One of '{"http://www.epam.com/flowers":flower}' is expected.
2019-12-08 03:40:27,265 ERROR e.FlowerErrorHandler [main] 27 : 36 - cvc-complex-type.2.4.a: Invalid content was found starting with element '{"http://www.epam.com/flowers":garden_rose}'. One of '{"http://www.epam.com/flowers":flower}' is expected.
